[0m[[0mdebug[0m] [0mRunning TaskDef(edu.knoldus.csvinterface.CSVFileReaderTest, org.scalatest.tools.Framework$$anon$1@56b86571, false, [SuiteSelector])[0m
[0m[[0mdebug[0m] [0mRunning TaskDef(edu.knoldus.QueryInfoParserTest, org.scalatest.tools.Framework$$anon$1@56b86571, false, [SuiteSelector])[0m
[0m[[0minfo[0m] [0m[36mRun completed in 858 milliseconds.[0m[0m
[0m[[0minfo[0m] [0m[36mTotal number of tests run: 2[0m[0m
[0m[[0minfo[0m] [0m[36mSuites: completed 2, aborted 0[0m[0m
[0m[[0minfo[0m] [0m[36mTests: succeeded 1, failed 1, canceled 0, ignored 0, pending 0[0m[0m
[0m[[0minfo[0m] [0m[31m*** 1 TEST FAILED ***[0m[0m
[0m[[0mdebug[0m] [0mPassed tests:[0m
[0m[[0mdebug[0m] [0m	edu.knoldus.QueryInfoParserTest[0m
[0m[[31merror[0m] [0mFailed tests:[0m
[0m[[31merror[0m] [0m	edu.knoldus.csvinterface.CSVFileReaderTest[0m
[0m[[31merror[0m] [0m(test:[31mtest[0m) sbt.TestsFailedException: Tests unsuccessful[0m
